<?xml version="1.0" encoding="UTF-8"?>
<testsuite xmlns:xsi="http://www.w3.org/2001/XMLSchema-instance" xsi:schemaLocation="https://maven.apache.org/surefire/maven-surefire-plugin/xsd/surefire-test-report.xsd" name="TestSuite" time="91.054" tests="3" errors="0" skipped="0" failures="0">
  <properties>
[...]
</properties>
  <testcase name="runScenario" classname="StepDefinitions.TestRunner.CucumberTestRunner" time="31.588"/>
  <testcase name="runScenario" classname="StepDefinitions.TestRunner.CucumberTestRunner" time="27.659"/>
  <testcase name="runScenario" classname="StepDefinitions.TestRunner.CucumberTestRunner" time="28.389"/>
</testsuite>